  0.  0.
  0.4  0.0637272826
  0.8  0.477756353
  1.2  1.18975002
  1.6  0.878968698
  2. -1.51360499
  2.4 -1.19914052
  2.8  2.79972632
  3.2 -2.32920919
  3.6  1.38075392
  4. -1.15161327
  4.4  2.14968497
  4.8 -4.16088555
  5.2  4.90842816
  5.6 -0.313025363
  6. -5.95067312
  6.4 -0.761681582
  6.8  5.25783776
  7.2  7.19995015
  7.6  7.11424962
  8.  7.36020831
  8.4  8.33358334
  8.8  7.84189153
  9.2  1.67423361
  9.6 -8.34541609
  10. -5.06365641
  10.4  10.1379827
  10.8 -4.21637754
  11.2 -2.48466324
  11.6  5.84900809
  12. -5.89225913
  12.4  2.19605144
  12.8  5.87875591
  13.2 -13.1075976
  13.6  5.22041608
  14.  13.1534208
  14.4  0.214334113
  14.8 -11.3262349
  15.2 -15.0658826
  15.6 -15.4997488
  16. -15.9873285
  16.4 -15.3840721
  16.8 -8.10352962
  17.2  8.69948513
  17.6  16.7442183
  18. -7.27317395
  18.4 -12.2978893
  18.8  18.7988982
  19.2 -16.8758718
  19.6  15.1773724
  20. -17.0183872
