  0.  1.
  0.4995005  1.4995005
  0.999000999  1.86531933
  1.4985015  1.72121358
  1.998002  1.29863434
  2.4975025  0.871995453
  2.997003  0.587071466
  3.4965035  0.493394401
  3.996004  0.416597857
  4.4955045  0.369748551
  4.995005  0.324152799
  5.49450549  0.300012095
  5.99400599  0.261278901
  6.49350649  0.263621064
  6.99300699  0.193410403
  7.49250749  0.301575676
  7.99200799 -0.0158976863
  8.49150849  0.479576552
  8.99100899  0.181252834
  9.49050949  0.151874428
  9.99000999  0.216344734
  10.4895105 -0.061761101
  10.989011  0.336534046
  11.4885115 -0.0875742887
  11.988012  0.179738818
  12.4875125 -0.0956329439
  12.987013  0.0880539232
  13.4865135  0.295026676
  13.986014 -0.0393786339
  14.4855145  0.386261826
  14.985015  0.772139796
  15.4845155  1.04376549
  15.984016  0.594916847
  16.4835165  0.0971936197
  16.983017  0.0815636506
  17.4825175  0.173739338
  17.982018 -0.323052335
  18.4815185  0.121366089
  18.981019 -0.189690337
  19.4805195 -0.637507536
  19.98002 -0.143422931
  20.4795205 -0.624018963
  20.979021 -0.135831794
  21.4785215 -0.614192116
  21.978022 -0.209281687
  22.4775225 -0.265501699
  22.977023  0.209365052
  23.4765235  0.258335534
  23.976024  0.745974352
  24.4755245  1.03078547
  24.975025  1.52797291
  25.4745255  1.97509611
  25.974026  2.4739933
  26.4735265  2.54521979
  26.973027  2.46401407
  27.4725275  2.02292976
  27.972028  2.30378124
  28.4715285  2.28441347
  28.971029  1.98687828
  29.4705295  2.2511709
  29.97003  1.78542828
  30.4695305  1.28853737
  30.969031  1.29292267
  31.4685315  0.944968293
  31.968032  0.890945424
  32.4675325  0.402153307
  32.967033  0.842748489
  33.4665335  0.402356267
  33.966034  0.713203212
  34.4655345  1.0205353
  34.965035  0.612780134
  35.4645355  0.190979856
  35.964036  0.63174632
  36.4635365  0.259198027
  36.963037 -0.240127112
  37.4625375 -0.666237264
  37.962038 -0.174262104
  38.4615385  0.297935925
  38.961039  0.521253287
  39.4605395  0.576972562
  39.96004  0.22064355
  40.4595405 -0.189384482
  40.959041 -0.0942781561
  41.4585415 -0.469821895
  41.958042 -0.0657927033
  42.4575425 -0.529464559
  42.957043 -0.970515321
  43.4565435 -1.30026584
  43.956044 -0.801240214
  44.4555445 -1.19528036
  44.955045 -1.67665295
  45.4545455 -1.1772989
  45.954046 -1.67396874
  46.4535465 -1.65230547
  46.953047 -1.54643584
  47.4525475 -2.01509493
  47.952048 -1.91723638
  48.4515485 -2.2546232
  48.951049 -2.63154439
  49.4505495 -3.13101152
  49.95005 -3.4445485
  50.4495504 -3.81602102
  50.9490509 -4.13451186
  51.4485514 -4.62741185
  51.9480519 -4.24135033
  52.4475524 -3.78493696
  52.9470529 -4.199897
  53.4465534 -4.58800907
  53.9460539 -4.0956285
  54.4455544 -3.83912315
  54.9450549 -3.89260543
  55.4445554 -3.40877179
  55.9440559 -2.97096528
  56.4435564 -3.44866087
  56.9430569 -2.95299933
  57.4425574 -2.91427592
  57.9420579 -3.2251415
  58.4415584 -3.25181569
  58.9410589 -3.23924025
  59.4405594 -3.61709612
  59.9400599 -3.51938876
  60.4395604 -3.96570396
  60.9390609 -3.66483305
  61.4385614 -4.14510013
  61.9380619 -4.63464549
  62.4375624 -4.8267506
  62.9370629 -4.33954712
  63.4365634 -4.82906995
  63.9360639 -4.81193135
  64.4355644 -4.32448421
  64.9350649 -4.61456156
  65.4345654 -4.79762834
  65.9340659 -4.31111575
  66.4335664 -4.27879827
  66.9330669 -4.24969095
  67.4325674 -4.31479661
  67.9320679 -4.49098804
  68.4315684 -4.96061196
  68.9310689 -4.46835001
  69.4305694 -3.97319892
  69.9300699 -3.5605743
  70.4295704 -3.90664313
  70.9290709 -3.78120713
  71.4285714 -3.97970002
  71.9280719 -3.95481132
  72.4275724 -4.02837803
  72.9270729 -4.48796557
  73.4265734 -4.06704692
  73.9260739 -4.5586537
  74.4255744 -4.88720471
  74.9250749 -4.50251747
  75.4245754 -4.68302888
  75.9240759 -4.5770922
  76.4235764 -4.75562521
  76.9230769 -4.47858011
  77.4225774 -4.23833259
  77.9220779 -4.16181241
  78.4215784 -4.53962696
  78.9210789 -4.80751203
  79.4205794 -5.18347556
  79.9200799 -5.67901658
  80.4195804 -5.6327894
  80.9190809 -5.21975086
  81.4185814 -5.13683482
  81.9180819 -5.596519
  82.4175824 -5.10867121
  82.9170829 -4.61042616
  83.4165834 -4.33686317
  83.9160839 -4.77918811
  84.4155844 -4.54072947
  84.9150849 -4.04151812
  85.4145854 -4.40622837
  85.9140859 -4.00407952
  86.4135864 -4.00286239
  86.9130869 -3.52975067
  87.4125874 -3.30075781
  87.9120879 -2.86210425
  88.4115884 -2.38291432
  88.9110889 -2.87337569
  89.4105894 -3.14074858
  89.9100899 -3.3150073
  90.4095904 -3.77533064
  90.9090909 -3.99855588
  91.4085914 -3.69581636
  91.9080919 -3.64189707
  92.4075924 -3.7116945
  92.9070929 -4.1361799
  93.4065934 -3.86888728
  93.9060939 -4.36606743
  94.4055944 -4.37730342
  94.9050949 -4.31626881
  95.4045954 -4.14877857
  95.9040959 -3.64947573
  96.4035964 -3.79130857
  96.9030969 -3.55193919
  97.4025974 -3.45784352
  97.9020979 -3.85472278
  98.4015984 -3.39355649
  98.9010989 -3.09196794
  99.4005994 -3.33417908
  99.9000999 -3.34348205
  100.3996 -3.07586175
  100.899101 -2.78094417
  101.398601 -3.05375275
  101.898102 -3.1526853
  102.397602 -2.80835192
  102.897103 -2.75213991
  103.396603 -2.30104595
  103.896104 -1.96791082
  104.395604 -2.45129127
  104.895105 -2.51889896
  105.394605 -2.04576869
  105.894106 -2.24665342
  106.393606 -1.91837726
  106.893107 -2.41536002
  107.392607 -1.99611214
  107.892108 -1.62704033
  108.391608 -1.16398742
  108.891109 -0.726297558
  109.390609 -1.15277754
  109.89011 -0.700711594
  110.38961 -0.716819712
  110.889111 -1.13197714
  111.388611 -0.637347577
  111.888112 -0.788499984
  112.387612 -0.305682592
  112.887113 -0.794968428
  113.386613 -0.897285993
  113.886114 -0.720604547
  114.385614 -0.257751318
  114.885115 -0.434687899
  115.384615  0.0384542474
  115.884116 -0.0973568411
  116.383616  0.0438181295
  116.883117  0.232485185
  117.382617  0.00624354904
  117.882118  0.377496289
  118.381618  0.811526058
  118.881119  0.687370745
  119.380619  1.18658266
  119.88012  0.706993594
  120.37962  0.208665389
  120.879121  0.708119145
  121.378621  0.350852656
  121.878122  0.437579141
  122.377622 -0.0604889121
  122.877123  0.157447582
  123.376623  0.596481253
  123.876124  0.479892186
  124.375624 -0.00492404508
  124.875125  0.403793668
  125.374625  0.897048571
  125.874126  1.3005978
  126.373626  1.77002129
  126.873127  1.36668542
  127.372627  0.956715411
  127.872128  0.562960012
  128.371628  0.0815208511
  128.871129 -0.171256106
  129.370629 -0.669205843
  129.87013 -0.578904374
  130.36963 -0.0909935838
  130.869131  0.28989403
  131.368631  0.775188289
  131.868132  0.906656322
  132.367632  1.39821547
  132.867133  0.917550842
  133.366633  0.508068689
  133.866134  0.614718086
  134.365634  1.02455441
  134.865135  1.44638056
  135.364635  1.92537022
  135.864136  1.4297765
  136.363636  1.86240735
  136.863137  1.42510427
  137.362637  1.90710354
  137.862138  1.73197714
  138.361638  2.23143525
  138.861139  2.55392469
  139.360639  2.08628195
  139.86014  2.01249424
  140.35964  2.1578066
  140.859141  2.30290369
  141.358641  1.9552537
  141.858142  2.4535948
  142.357642  2.05728015
  142.857143  1.67570324
  143.356643  2.08074006
  143.856144  1.58789232
  144.355644  1.2806157
  144.855145  0.839857572
  145.354645  0.515642275
  145.854146  0.966017531
  146.353646  0.521588866
  146.853147  0.816910379
  147.352647  1.23325644
  147.852148  1.67427053
  148.351648  1.27401923
  148.851149  1.71061376
  149.350649  1.21732081
  149.85015  1.67646783
  150.34965  2.17303344
  150.849151  2.6725047
  151.348651  2.93341293
  151.848152  2.66501572
  152.347652  2.24933373
  152.847153  1.76500681
  153.346653  2.22494042
  153.846154  2.06574621
  154.345654  1.62889892
  154.845155  2.12655096
  155.344655  1.70904326
  155.844156  1.69597953
  156.343656  2.15313781
  156.843157  1.70985848
  157.342657  1.50319007
  157.842158  1.19131653
  158.341658  1.63986944
  158.841159  1.40998491
  159.340659  1.10363901
  159.84016  1.60174946
  160.33966  1.59380178
  160.839161  1.35865108
  161.338661  1.44985003
  161.838162  1.51548886
  162.337662  2.0029823
  162.837163  2.00529227
  163.336663  2.49584796
  163.836164  2.86350987
  164.335664  2.61461174
  164.835165  2.24048318
  165.334665  2.32660266
  165.834166  2.41456711
  166.333666  2.34717044
  166.833167  2.6745837
  167.332667  3.1714312
  167.832168  2.68686128
  168.331668  2.74824749
  168.831169  2.40130609
  169.330669  1.90740414
  169.83017  1.4957201
  170.32967  1.04607814
  170.829171  0.73271086
  171.328671  1.17218031
  171.828172  1.65808696
  172.327672  1.3793894
  172.827173  1.62615773
  173.326673  1.56224817
  173.826174  1.97385134
  174.325674  1.58339754
  174.825175  2.03673484
  175.324675  1.79803268
  175.824176  2.03336008
  176.323676  2.43764516
  176.823177  2.02082991
  177.322677  2.36451134
  177.822178  2.30415045
  178.321678  2.42714359
  178.821179  2.80020081
  179.320679  2.62947799
  179.82018  3.1094039
  180.31968  3.60768375
  180.819181  3.12096395
  181.318681  3.32202111
  181.818182  3.65493428
  182.317682  3.69816623
  182.817183  3.51778514
  183.316683  3.21316447
  183.816184  3.202192
  184.315684  2.99219169
  184.815185  3.07095696
  185.314685  2.83060546
  185.814186  2.33327338
  186.313686  2.83271383
  186.813187  3.3321639
  187.312687  3.78044739
  187.812188  3.63122151
  188.311688  3.14877351
  188.811189  2.80442535
  189.310689  2.73051046
  189.81019  2.66931307
  190.30969  2.34585072
  190.809191  2.81808001
  191.308691  2.38050109
  191.808192  1.8846159
  192.307692  1.39523276
  192.807193  1.25135696
  193.306693  0.848339531
  193.806194  1.2528625
  194.305694  0.946248139
  194.805195  0.907211384
  195.304695  1.2551086
  195.804196  1.75283213
  196.303696  1.39712869
  196.803197  1.10372706
  197.302697  0.653329746
  197.802198  0.156246599
  198.301698  0.592181484
  198.801199  0.407309908
  199.300699  0.786856298
  199.8002  1.26974502
  200.2997  0.912435692
  200.799201  1.3387357
  201.298701  1.44329504
  201.798202  1.47519328
  202.297702  1.11312063
  202.797203  1.37754723
  203.296703  0.892247376
  203.796204  1.23249689
  204.295704  1.72644624
  204.795205  2.05716785
  205.294705  2.53056845
  205.794206  2.3263083
  206.293706  2.49857545
  206.793207  2.98612435
  207.292707  2.89312647
  207.792208  2.41901103
  208.291708  2.91850899
  208.791209  2.92003034
  209.290709  3.40879653
  209.79021  2.92985582
  210.28971  3.15772028
  210.789211  2.95826523
  211.288711  2.97611766
  211.788212  3.41410254
  212.287712  3.85236906
  212.787213  4.12370956
  213.286713  3.84064734
  213.786214  3.49143825
  214.285714  3.63575918
  214.785215  4.13511913
  215.284715  3.82787142
  215.784216  4.1040549
  216.283716  4.57515075
  216.783217  4.07691156
  217.282717  3.81483777
  217.782218  4.25739651
  218.281718  3.80038025
  218.781219  4.29241858
  219.280719  3.80672103
  219.78022  4.10808664
  220.27972  3.94542182
  220.779221  3.72993603
  221.278721  4.19095515
  221.778222  3.77852012
  222.277722  3.43475418
  222.777223  2.93622334
  223.276723  3.32699431
  223.776224  3.39979858
  224.275724  3.83110797
  224.775225  3.83057016
  225.274725  4.31793522
  225.774226  4.51187149
  226.273726  4.86405482
  226.773227  5.11242668
  227.272727  4.61615736
  227.772228  5.10885144
  228.271728  5.25913565
  228.771229  5.71448971
  229.270729  6.17293193
  229.77023  6.18036669
  230.26973  6.67883191
  230.769231  6.74022389
  231.268731  6.27065114
  231.768232  6.44685715
  232.267732  6.61784144
  232.767233  6.29659693
  233.266733  6.252463
  233.766234  6.60310051
  234.265734  6.35888473
  234.765235  6.78370448
  235.264735  6.29512568
  235.764236  6.17646119
  236.263736  6.2066413
  236.763237  5.83095097
  237.262737  5.74391145
  237.762238  6.146028
  238.261738  5.69686118
  238.761239  6.18864359
  239.260739  6.43298248
  239.76024  6.9204159
  240.25974  7.36354991
  240.759241  6.91332616
  241.258741  7.32644063
  241.758242  7.12186312
  242.257742  7.6136182
  242.757243  7.14322516
  243.256743  7.64072647
  243.756244  7.83808154
  244.255744  8.27810449
  244.755245  8.45392614
  245.254745  8.25757337
  245.754246  8.03914422
  246.253746  7.58063576
  246.753247  7.97709269
  247.252747  7.89469257
  247.752248  7.64849399
  248.251748  7.22297334
  248.751249  6.8519756
  249.250749  6.79045793
  249.75025  6.43949539
  250.24975  6.92585854
  250.749251  7.21037536
  251.248751  7.21519409
  251.748252  6.71868764
  252.247752  6.88044153
  252.747253  6.95707575
  253.246753  7.26360127
  253.746254  7.30398639
  254.245754  7.79537372
  254.745255  7.3361425
  255.244755  6.87609897
  255.744256  6.63282063
  256.243756  7.12639002
  256.743257  6.78841138
  257.242757  6.40801091
  257.742258  6.10609912
  258.241758  5.6113574
  258.741259  5.26789031
  259.240759  5.72178552
  259.74026  6.16291271
  260.23976  6.22027336
  260.739261  5.88770645
  261.238761  5.6534153
  261.738262  6.12387661
  262.237762  6.52435536
  262.737263  6.36006422
  263.236763  6.83704417
  263.736264  6.37156563
  264.235764  5.90051893
  264.735265  6.21172764
  265.234765  6.13195496
  265.734266  6.42761763
  266.233766  6.70245995
  266.733267  7.20195744
  267.232767  7.16090872
  267.732268  6.70074642
  268.231768  6.20736055
  268.731269  6.70659223
  269.230769  6.97515105
  269.73027  7.34160803
  270.22977  7.58990973
  270.729271  7.13807967
  271.228771  6.67950487
  271.728272  6.42024146
  272.227772  6.14084492
  272.727273  6.60448302
  273.226773  6.37349372
  273.726274  6.65718137
  274.225774  7.15298677
  274.725275  7.34348137
  275.224775  7.77256026
  275.724276  7.28547768
  276.223776  7.15443921
  276.723277  6.66167647
  277.222777  6.2713841
  277.722278  6.12328623
  278.221778  5.84148548
  278.721279  5.58222742
  279.220779  5.23322091
  279.72028  4.76999195
  280.21978  4.46476612
  280.719281  4.82616567
  281.218781  4.46802866
  281.718282  4.96239595
  282.217782  4.46292606
  282.717283  3.98041458
  283.216783  4.38051686
  283.716284  3.90233357
  284.215784  4.02873257
  284.715285  4.06921504
  285.214785  3.68080804
  285.714286  4.11205107
  286.213786  4.60979377
  286.713287  5.1076
  287.212787  5.56066485
  287.712288  5.75785133
  288.211788  5.48180043
  288.711289  5.00484621
  289.210789  5.4965407
  289.71029  5.99599904
  290.20979  5.50626939
  290.709291  5.27853103
  291.208791  5.35317587
  291.708292  5.74718931
  292.207792  5.97032544
  292.707293  5.69696223
  293.206793  5.29730427
  293.706294  5.45061773
  294.205794  5.56899891
  294.705295  5.61448009
  295.204795  5.34557374
  295.704296  5.63225642
  296.203796  6.08453894
  296.703297  6.34992766
  297.202797  6.65605191
  297.702298  6.92335329
  298.201798  7.41152336
  298.701299  7.4210947
  299.200799  7.56727923
  299.7003  7.27766699
  300.1998  7.6059466
  300.699301  7.20357869
  301.198801  7.19505737
  301.698302  7.61924654
  302.197802  7.91703039
  302.697303  8.00958798
  303.196803  8.34711145
  303.696304  8.47775505
  304.195804  8.54136513
  304.695305  8.04749658
  305.194805  8.03682962
  305.694306  7.6835634
  306.193806  7.91469685
  306.693307  7.76347177
  307.192807  8.23723622
  307.692308  8.17091664
  308.191808  8.49904661
  308.691309  8.86393622
  309.190809  8.36729936
  309.69031  8.36255883
  310.18981  8.57518445
  310.689311  8.30284499
  311.188811  7.83494645
  311.688312  8.3161137
  312.187812  7.82881631
  312.687313  8.32591774
  313.186813  8.04415509
  313.686314  8.53004126
  314.185814  8.84839729
  314.685315  8.36680626
  315.184815  8.84997571
  315.684316  9.31810124
  316.183816  9.56763873
  316.683317  9.08030848
  317.182817  8.8209874
  317.682318  8.68420837
  318.181818  9.12229927
  318.681319  9.60209138
  319.180819  10.0992968
  319.68032  10.5858971
  320.17982  10.1758168
  320.679321  9.69305512
  321.178821  9.57257747
  321.678322  9.35049563
  322.177822  9.23991792
  322.677323  9.35748248
  323.176823  8.8930332
  323.676324  8.46334382
  324.175824  8.96105032
  324.675325  8.6984943
  325.174825  8.20176232
  325.674326  7.71277531
  326.173826  7.78720823
  326.673327  7.78428905
  327.172827  7.6852235
  327.672328  7.90186718
  328.171828  8.32747716
  328.671329  8.79801501
  329.170829  8.88781122
  329.67033  8.53462118
  330.16983  8.68944973
  330.669331  8.31393817
  331.168831  7.8326407
  331.668332  8.09019258
  332.167832  8.56100749
  332.667333  8.13515767
  333.166833  8.04530613
  333.666334  7.64785259
  334.165834  7.97461543
  334.665335  8.33201084
  335.164835  8.46606922
  335.664336  8.07471367
  336.163836  7.72708902
  336.663337  7.29592429
  337.162837  7.74455344
  337.662338  7.30913431
  338.161838  7.45595826
  338.661339  7.3604229
  339.160839  7.27931613
  339.66034  7.73274817
  340.15984  8.22760856
  340.659341  7.77937618
  341.158841  7.8706469
  341.658342  7.56841443
  342.157842  7.08852863
  342.657343  7.58617754
  343.156843  7.48279239
  343.656344  7.25187669
  344.155844  6.92995837
  344.655345  6.49570248
  345.154845  6.30403868
  345.654346  6.14853352
  346.153846  6.15857344
  346.653347  6.03825636
  347.152847  6.35610277
  347.652348  6.56417821
  348.151848  6.71897841
  348.651349  6.56706786
  349.150849  6.15593788
  349.65035  6.5939157
  350.14985  7.0606753
  350.649351  6.5659939
  351.148851  6.11111864
  351.648352  5.62202728
  352.147852  5.31737633
  352.647353  5.81366673
  353.146853  5.67324119
  353.646354  6.00333823
  354.145854  6.39856422
  354.645355  6.10262986
  355.144855  5.62370267
  355.644356  5.9630616
  356.143856  5.46948468
  356.643357  5.96437844
  357.142857  5.48685214
  357.642358  5.84760913
  358.141858  6.13897551
  358.641359  6.57952201
  359.140859  6.11075712
  359.64036  6.00170646
  360.13986  5.51043024
  360.639361  5.79650196
  361.138861  5.65695016
  361.638362  5.96378766
  362.137862  5.94828429
  362.637363  6.20389095
  363.136863  6.66733007
  363.636364  6.40361777
  364.135864  6.01151758
  364.635365  5.62341215
  365.134865  5.33901439
  365.634366  5.2881249
  366.133866  5.22333051
  366.633367  4.8723742
  367.132867  4.68731653
  367.632368  5.06125246
  368.131868  5.38813838
  368.631369  5.207366
  369.130869  4.70968341
  369.63037  4.5234792
  370.12987  4.90935336
  370.629371  5.06317099
  371.128871  4.80561717
  371.628372  5.10768759
  372.127872  5.50843671
  372.627373  5.53159305
  373.126873  6.00279772
  373.626374  5.50893733
  374.125874  5.08079166
  374.625375  4.59047602
  375.124875  4.43658825
  375.624376  4.79536102
  376.123876  4.57859154
  376.623377  5.01086592
  377.122877  4.69567679
  377.622378  4.96086989
  378.121878  5.25293854
  378.621379  5.61346676
  379.120879  5.5680283
  379.62038  6.05811233
  380.11988  6.55292702
  380.619381  6.09001705
  381.118881  6.52426975
  381.618382  6.50020446
  382.117882  6.65263265
  382.617383  6.22457797
  383.116883  6.70110013
  383.616384  6.29555608
  384.115884  5.94981241
  384.615385  5.90431954
  385.114885  5.46111712
  385.614386  5.39201335
  386.113886  5.83122072
  386.613387  5.56413653
  387.112887  5.22384159
  387.612388  5.50650953
  388.111888  5.34895565
  388.611389  4.93654977
  389.110889  4.71607498
  389.61039  5.1788201
  390.10989  5.51972345
  390.609391  5.38983722
  391.108891  5.83874859
  391.608392  5.36976715
  392.107892  5.15232054
  392.607393  4.66502
  393.106893  4.165704
  393.606394  3.81669082
  394.105894  4.23101681
  394.605395  3.85451443
  395.104895  4.29725868
  395.604396  4.37826203
  396.103896  4.12633204
  396.603397  4.46416271
  397.102897  4.57055132
  397.602398  4.89592078
  398.101898  5.09648806
  398.601399  5.52303215
  399.100899  5.16377941
  399.6004  5.66321778
  400.0999  5.8998017
  400.599401  5.7067558
  401.098901  5.99465996
  401.598402  5.78296351
  402.097902  5.43207799
  402.597403  5.09140669
  403.096903  5.14231578
  403.596404  5.55468837
  404.095904  5.71460555
  404.595405  5.22300579
  405.094905  4.99098221
  405.594406  5.09344238
  406.093906  5.2288705
  406.593407  5.70543926
  407.092907  5.83972555
  407.592408  5.51946637
  408.091908  5.99481412
  408.591409  5.67102437
  409.090909  5.77380728
  409.59041  6.22013606
  410.08991  5.72444392
  410.589411  5.36479878
  411.088911  4.9201679
  411.588412  5.34358334
  412.087912  5.82851417
  412.587413  5.77236464
  413.086913  6.25272052
  413.586414  6.68423296
  414.085914  7.18154718
  414.585415  7.05309665
  415.084915  6.67486868
  415.584416  7.15915788
  416.083916  6.66498607
  416.583417  6.32892225
  417.082917  5.95598099
  417.582418  5.63079457
  418.081918  5.71101118
  418.581419  6.20961008
  419.080919  5.99661587
  419.58042  6.4854703
  420.07992  6.90943877
  420.579421  7.38434247
  421.078921  7.26651347
  421.578422  7.76142926
  422.077922  7.80251664
  422.577423  8.12042346
  423.076923  8.43542043
  423.576424  8.93484418
  424.075924  8.67760822
  424.575425  8.47801269
  425.074925  8.85702799
  425.574426  9.00382158
  426.073926  9.29565497
  426.573427  8.98992801
  427.072927  8.72860577
  427.572428  8.60428658
  428.071928  8.11044748
  428.571429  7.64941159
  429.070929  7.68301291
  429.57043  7.42448947
  430.06993  7.01929206
  430.569431  6.53981366
  431.068931  6.81936203
  431.568432  7.12370671
  432.067932  6.96728145
  432.567433  7.35152277
  433.066933  7.72120771
  433.566434  7.92745111
  434.065934  8.41937947
  434.565435  8.1063711
  435.064935  7.8463617
  435.564436  7.68146821
  436.063936  7.18208653
  436.563437  6.70777882
  437.062937  7.16655151
  437.562438  6.66814438
  438.061938  6.32376351
  438.561439  6.71070579
  439.060939  6.30288045
  439.56044  5.8417509
  440.05994  5.62475489
  440.559441  6.09470235
  441.058941  5.81773979
  441.558442  5.44058639
  442.057942  5.16298875
  442.557443  5.17641504
  443.056943  4.77575467
  443.556444  4.80999967
  444.055944  4.34339256
  444.555445  4.82989794
  445.054945  4.76953031
  445.554446  5.03367776
  446.053946  5.5078763
  446.553447  6.00559446
  447.052947  6.23162303
  447.552448  5.85849063
  448.051948  5.70006
  448.551449  5.20972289
  449.050949  5.64414313
  449.55045  5.28120807
  450.04995  5.60154525
  450.549451  5.67764331
  451.048951  6.02469683
  451.548452  5.52568993
  452.047952  5.9102385
  452.547453  6.01599725
  453.046953  5.85215543
  453.546454  6.34139789
  454.045954  6.33662641
  454.545455  6.75463491
  455.044955  6.46513108
  455.544456  6.55270818
  456.043956  6.98193885
  456.543457  7.01531034
  457.042957  6.98551897
  457.542458  7.32478456
  458.041958  6.93620851
  458.541459  6.63533492
  459.040959  6.66345728
  459.54046  6.88492939
  460.03996  6.41075637
  460.539461  6.04575411
  461.038961  6.3726893
  461.538462  5.98083658
  462.037962  5.74269387
  462.537463  5.61062808
  463.036963  6.102916
  463.536464  6.10945885
  464.035964  6.0156982
  464.535465  5.918793
  465.034965  5.50532356
  465.534466  5.01898419
  466.033966  5.35430742
  466.533467  5.67847302
  467.032967  5.34325549
  467.532468  5.59096976
  468.031968  6.0844975
  468.531469  6.14151703
  469.030969  6.63057103
  469.53047  7.11650799
  470.02997  7.28004417
  470.529471  6.88075608
  471.028971  6.78775348
  471.528472  7.09322044
  472.027972  6.88498853
  472.527473  6.92013829
  473.026973  6.46874696
  473.526474  6.96815296
  474.025974  7.26572495
  474.525475  7.5535074
  475.024975  7.06665699
  475.524476  7.04328471
  476.023976  7.51797553
  476.523477  7.07096895
  477.022977  7.00889864
  477.522478  7.37399859
  478.021978  6.9298627
  478.521479  7.0206518
  479.020979  6.82583092
  479.52048  6.43798117
  480.01998  6.18588237
  480.519481  5.75799051
  481.018981  5.45400087
  481.518482  4.9697917
  482.017982  5.30055982
  482.517483  4.97101788
  483.016983  4.96954138
  483.516484  5.45946887
  484.015984  5.80554832
  484.515485  5.89322557
  485.014985  5.42378307
  485.514486  5.1985551
  486.013986  5.05290513
  486.513487  5.34633608
  487.012987  5.83828475
  487.512488  5.34677776
  488.011988  5.65688986
  488.511489  5.31974354
  489.010989  4.92474746
  489.51049  4.81337558
  490.00999  5.31287328
  490.509491  5.05116572
  491.008991  4.81216811
  491.508492  5.28305266
  492.007992  5.21388724
  492.507493  5.13243976
  493.006993  4.95940486
  493.506494  5.28446727
  494.005994  5.74511692
  494.505495  5.59427776
  495.004995  5.48100612
  495.504496  5.65703866
  496.003996  6.00951648
  496.503497  5.6050964
  497.002997  6.04317836
  497.502498  6.5393692
  498.001998  6.65485537
  498.501499  6.17075728
  499.000999  5.73544262
