  0.  1.
  0.4995005  1.46195009
  0.999000999  1.63830226
  1.4985015  1.45505244
  1.998002  1.13800654
  2.4975025  0.844456859
  2.997003  0.638200284
  3.4965035  0.510869736
  3.996004  0.430092152
  4.4955045  0.374230816
  4.995005  0.332826915
  5.49450549  0.30096908
  5.99400599  0.276520508
  6.49350649  0.259812342
  6.99300699  0.255972638
  7.49250749  0.260848757
  7.99200799  0.166069936
  8.49150849  0.23563893
  8.99100899  0.05048538
  9.49050949  0.0471045629
  9.99000999  0.0383499853
  10.4895105 -0.117608246
  10.989011  0.191893377
  11.4885115  0.283812217
  11.988012  0.432916074
  12.4875125  0.526785384
  12.987013  0.326903921
  13.4865135  0.256403007
  13.986014  0.39705587
  14.4855145  0.284958878
  14.985015  0.136606307
  15.4845155  0.345181737
  15.984016  0.642845841
  16.4835165  0.494295854
  16.983017  0.591937211
  17.4825175  0.652241421
  17.982018  0.7879081
  18.4815185  0.721137617
  18.981019  0.851178215
  19.4805195  0.820501217
  19.98002  1.04163906
  20.4795205  1.2105096
  20.979021  1.37550111
  21.4785215  1.36632248
  21.978022  1.06781004
  22.4775225  0.917867361
  22.977023  1.24804303
  23.4765235  1.21126889
  23.976024  1.10912762
  24.4755245  0.757875324
  24.975025  1.12794211
  25.4745255  0.663722163
  25.974026  0.706275236
  26.4735265  0.698991
  26.973027  1.16400523
  27.4725275  1.47988189
  27.972028  1.01814764
  28.4715285  0.541128272
  28.971029  0.276700654
  29.4705295  0.34822195
  29.97003  0.349616526
  30.4695305  0.485671473
  30.969031  0.227431945
  31.4685315  0.313469898
  31.968032 -0.138342771
  32.4675325 -0.0859798931
  32.967033 -0.048419652
  33.4665335 -0.309522461
  33.966034 -0.287446571
  34.4655345 -0.166977681
  34.965035 -0.0484238925
  35.4645355 -0.363028674
  35.964036 -0.547614871
  36.4635365 -0.466287708
  36.963037 -0.362230173
  37.4625375 -0.110244009
  37.962038 -0.146524482
  38.4615385 -0.0368588832
  38.961039  0.0253775476
  39.4605395  0.135910509
  39.96004  0.0601195812
  40.4595405  0.174356886
  40.959041  0.130771752
  41.4585415  0.259107373
  41.958042  0.18975292
  42.4575425  0.16260824
  42.957043 -0.0437952921
  43.4565435 -0.160406266
  43.956044  0.0791095302
  44.4555445  0.378690904
  44.955045  0.360478038
  45.4545455  0.404148797
  45.954046  0.310337894
  46.4535465  0.705360953
  46.953047  0.703676238
  47.4525475  1.00282695
  47.952048  0.982422253
  48.4515485  0.939820169
  48.951049  0.626239505
  49.4505495  0.683385236
  49.95005  0.720715368
  50.4495504  0.619738431
  50.9490509  1.11168752
  51.4485514  1.31974501
  51.9480519  1.44733031
  52.4475524  1.85752127
  52.9470529  1.36334863
  53.4465534  0.969005272
  53.9460539  0.790320972
  54.4455544  0.738030884
  54.9450549  0.73541416
  55.4445554  0.513150259
  55.9440559  0.540360311
  56.4435564  0.434236699
  56.9430569  0.550283288
  57.4425574  0.431902099
  57.9420579  0.528686796
  58.4415584  0.403317736
  58.9410589  0.460949283
  59.4405594  0.520496486
  59.9400599  0.781246825
  60.4395604  0.657121002
  60.9390609  0.318277468
  61.4385614  0.531716156
  61.9380619  0.655387612
  62.4375624  0.640421099
  62.9370629  0.447658601
  63.4365634  0.617392329
  63.9360639  0.424944168
  64.4355644  0.567173128
  64.9350649  0.62892943
  65.4345654  0.783684856
  65.9340659  0.846705109
  66.4335664  1.23699852
  66.9330669  0.957258331
  67.4325674  0.92451208
  67.9320679  0.875173064
  68.4315684  0.969863954
  68.9310689  1.28298223
  69.4305694  1.05899695
  69.9300699  1.17118219
  70.4295704  1.45314972
  70.9290709  1.60022059
  71.4285714  1.6939141
  71.9280719  1.76980206
  72.4275724  2.03849279
  72.9270729  1.80512042
  73.4265734  1.97632872
  73.9260739  1.91942966
  74.4255744  2.05636962
  74.9250749  1.91169523
  75.4245754  1.83277052
  75.9240759  2.07993779
  76.4235764  2.03521735
  76.9230769  2.02540638
  77.4225774  2.25118731
  77.9220779  2.06385913
  78.4215784  2.20369763
  78.9210789  1.71506887
  79.4205794  1.57739094
  79.9200799  1.92235192
  80.4195804  1.59573379
  80.9190809  1.27397068
  81.4185814  1.30090583
  81.9180819  1.64793802
  82.4175824  1.31259712
  82.9170829  1.50299647
  83.4165834  1.57890952
  83.9160839  1.8424968
  84.4155844  1.85364919
  84.9150849  2.08391296
  85.4145854  2.16693226
  85.9140859  1.9131514
  86.4135864  2.09949918
  86.9130869  1.9180014
  87.4125874  1.70626612
  87.9120879  1.32540293
  88.4115884  1.38183553
  88.9110889  1.4810101
  89.4105894  1.36062196
  89.9100899  1.47559338
  90.4095904  1.40537409
  90.9090909  1.50716589
  91.4085914  1.62103544
  91.9080919  1.63188761
  92.4075924  1.3010084
  92.9070929  1.36802583
  93.4065934  1.54909511
  93.9060939  1.70019729
  94.4055944  1.63797838
  94.9050949  1.39378143
  95.4045954  1.37147693
  95.9040959  1.32501162
  96.4035964  1.5304142
  96.9030969  1.58412415
  97.4025974  1.54889988
  97.9020979  1.78859026
  98.4015984  1.72622558
  98.9010989  1.80935152
  99.4005994  1.8379059
  99.9000999  1.87118924
  100.3996  2.00430919
  100.899101  2.46754394
  101.398601  2.45707036
  101.898102  2.322605
  102.397602  2.13904827
  102.897103  2.1267864
  103.396603  2.34391015
  103.896104  2.25796513
  104.395604  2.06276294
  104.895105  1.87347224
  105.394605  1.9100692
  105.894106  2.02650488
  106.393606  1.76721797
  106.893107  1.73464916
  107.392607  1.46360491
  107.892108  1.59088472
  108.391608  1.59458348
  108.891109  1.38256614
  109.390609  1.46035191
  109.89011  1.41090355
  110.38961  1.3019187
  110.889111  1.4890451
  111.388611  1.52556643
  111.888112  1.60255786
  112.387612  1.69648886
  112.887113  1.89069171
  113.386613  1.75366898
  113.886114  1.82341922
  114.385614  1.95292566
  114.885115  1.68193085
  115.384615  1.93079295
  115.884116  1.9643652
  116.383616  2.15267787
  116.883117  2.39540577
  117.382617  2.10716702
  117.882118  2.16051943
  118.381618  2.25360731
  118.881119  2.38689896
  119.380619  2.35903301
  119.88012  2.40189324
  120.37962  2.734945
  120.879121  2.46284522
  121.378621  2.69170646
  121.878122  2.76975438
  122.377622  2.80767844
  122.877123  2.96582583
  123.376623  3.46170493
  123.876124  3.85396441
  124.375624  4.15279171
  124.875125  4.35239139
  125.374625  4.22517841
  125.874126  4.30989316
  126.373626  4.35984506
  126.873127  4.70763061
  127.372627  4.97903525
  127.872128  5.01947088
  128.371628  5.06532653
  128.871129  4.73431061
  129.370629  4.51453612
  129.87013  4.69215283
  130.36963  4.78825189
  130.869131  4.4633225
  131.368631  4.78535862
  131.868132  5.13879084
  132.367632  5.3607333
  132.867133  5.41669463
  133.366633  5.37686861
  133.866134  5.42271704
  134.365634  5.0461692
  134.865135  4.85349184
  135.364635  4.93983893
  135.864136  4.7141706
  136.363636  4.97624963
  136.863137  4.86266165
  137.362637  4.88034614
  137.862138  4.91770062
  138.361638  4.90906882
  138.861139  4.96764171
  139.360639  4.82031336
  139.86014  5.19032544
  140.35964  5.08173715
  140.859141  5.28565204
  141.358641  5.34956496
  141.858142  5.50610726
  142.357642  5.50576399
  142.857143  5.36026479
  143.356643  5.55935372
  143.856144  5.63527001
  144.355644  5.79405912
  144.855145  5.59826358
  145.354645  5.51182573
  145.854146  5.51963392
  146.353646  5.33440299
  146.853147  5.12962574
  147.352647  5.03061302
  147.852148  5.52539009
  148.351648  5.55069207
  148.851149  5.49495887
  149.350649  5.55020432
  149.85015  5.41931321
  150.34965  5.44847868
  150.849151  5.15049702
  151.348651  5.00707835
  151.848152  5.14832997
  152.347652  5.08246879
  152.847153  5.31104731
  153.346653  5.44549576
  153.846154  5.85518163
  154.345654  5.40114956
  154.845155  5.36649513
  155.344655  5.53702417
  155.844156  5.88175168
  156.343656  6.15635814
  156.843157  6.13739444
  157.342657  6.30962227
  157.842158  6.45161964
  158.341658  6.48648121
  158.841159  6.49131498
  159.340659  6.5941811
  159.84016  6.53697833
  160.33966  6.37508846
  160.839161  6.16286382
  161.338661  5.91016308
  161.838162  5.67886186
  162.337662  5.62008155
  162.837163  5.48044079
  163.336663  5.57939332
  163.836164  5.59530043
  164.335664  5.56578162
  164.835165  5.59633055
  165.334665  5.57713047
  165.834166  5.54841968
  166.333666  5.53057071
  166.833167  5.86453675
  167.332667  5.67351878
  167.832168  5.61467298
  168.331668  5.76253576
  168.831169  5.43564033
  169.330669  5.59492881
  169.83017  5.31034006
  170.32967  5.38201223
  170.829171  5.18406388
  171.328671  5.15015281
  171.828172  5.08710158
  172.327672  4.96810685
  172.827173  5.1885068
  173.326673  5.23496836
  173.826174  5.13537545
  174.325674  4.88129674
  174.825175  4.94930242
  175.324675  4.86566844
  175.824176  4.87114771
  176.323676  5.02869994
  176.823177  4.76390545
  177.322677  4.78159664
  177.822178  4.6674689
  178.321678  4.92795116
  178.821179  4.86019081
  179.320679  4.78325025
  179.82018  4.53827684
  180.31968  4.58948766
  180.819181  4.71122594
  181.318681  4.2698652
  181.818182  4.23579413
  182.317682  4.17459657
  182.817183  4.19731583
  183.316683  3.94756216
  183.816184  4.1782491
  184.315684  4.25081562
  184.815185  4.13372901
  185.314685  4.10316227
  185.814186  4.17570326
  186.313686  3.83987845
  186.813187  4.02832469
  187.312687  4.09953573
  187.812188  4.13946642
  188.311688  4.30953181
  188.811189  4.2827349
  189.310689  4.03696184
  189.81019  3.87906866
  190.30969  3.70784764
  190.809191  3.59655699
  191.308691  3.55546145
  191.808192  3.67903071
  192.307692  3.6858253
  192.807193  3.8704663
  193.306693  3.83620286
  193.806194  4.07889846
  194.305694  4.09310753
  194.805195  3.94853728
  195.304695  3.97493232
  195.804196  3.87858806
  196.303696  3.78523062
  196.803197  3.9553508
  197.302697  4.09915094
  197.802198  4.02873818
  198.301698  3.83663992
  198.801199  4.14434143
  199.300699  4.1915249
  199.8002  4.26085551
  200.2997  4.17150008
  200.799201  4.19361333
  201.298701  4.51080263
  201.798202  4.31977701
  202.297702  4.35799419
  202.797203  4.1228
  203.296703  4.13338616
  203.796204  3.97364442
  204.295704  4.05559191
  204.795205  4.00801204
  205.294705  3.81093389
  205.794206  3.57850131
  206.293706  3.45726642
  206.793207  3.18312505
  207.292707  3.11267827
  207.792208  3.06466798
  208.291708  2.87307377
  208.791209  2.82133559
  209.290709  3.12904071
  209.79021  2.90597117
  210.28971  2.7063341
  210.789211  2.62470704
  211.288711  2.96267409
  211.788212  3.01805745
  212.287712  2.86106963
  212.787213  2.47371078
  213.286713  2.44026424
  213.786214  2.33484735
  214.285714  1.9026629
  214.785215  1.68008814
  215.284715  1.31789646
  215.784216  1.55126465
  216.283716  1.72675498
  216.783217  1.71785966
  217.282717  1.58658885
  217.782218  1.54419181
  218.281718  1.71707249
  218.781219  1.54138293
  219.280719  1.18785174
  219.78022  1.34124083
  220.27972  1.26785753
  220.779221  1.18150494
  221.278721  1.04186318
  221.778222  0.716590324
  222.277722  0.640893569
  222.777223  0.334232
  223.276723  0.746316574
  223.776224  0.870196698
  224.275724  1.14954797
  224.775225  1.14549363
  225.274725  1.44836972
  225.774226  1.82400318
  226.273726  2.00133429
  226.773227  2.10954589
  227.272727  2.15578196
  227.772228  2.64889729
  228.271728  2.93460451
  228.771229  2.9638
  229.270729  3.16631771
  229.77023  3.22739914
  230.26973  3.45059028
  230.769231  3.20836791
  231.268731  3.21477051
  231.768232  3.33555065
  232.267732  3.63592429
  232.767233  3.51739908
  233.266733  3.38114691
  233.766234  2.94134191
  234.265734  3.24194157
  234.765235  2.89934299
  235.264735  2.75946222
  235.764236  2.57179287
  236.263736  2.5572077
  236.763237  2.69216223
  237.262737  2.51194102
  237.762238  2.61078116
  238.261738  2.3788267
  238.761239  2.36122982
  239.260739  2.28233685
  239.76024  2.58649091
  240.25974  2.64618137
  240.759241  2.87007552
  241.258741  2.8763987
  241.758242  2.7332525
  242.257742  2.75726004
  242.757243  2.9645553
  243.256743  2.91331923
  243.756244  2.97792059
  244.255744  2.96149512
  244.755245  3.1226442
  245.254745  2.84612265
  245.754246  2.91932503
  246.253746  2.7187344
  246.753247  2.60042341
  247.252747  2.84890725
  247.752248  3.11832749
  248.251748  2.96627236
  248.751249  2.79560357
  249.250749  2.62207372
  249.75025  3.11051019
  250.24975  2.89089238
  250.749251  2.56568788
  251.248751  2.27596482
  251.748252  2.73366481
  252.247752  2.51517679
  252.747253  2.90930268
  253.246753  3.37323963
  253.746254  3.60044437
  254.245754  3.42354192
  254.745255  3.52230958
  255.244755  3.49780041
  255.744256  3.42942851
  256.243756  3.69365664
  256.743257  3.62447903
  257.242757  3.49457395
  257.742258  3.31307839
  258.241758  3.24825501
  258.741259  3.16489064
  259.240759  3.02250046
  259.74026  2.91993457
  260.23976  3.01704066
  260.739261  3.13905506
  261.238761  2.8756373
  261.738262  2.81154207
  262.237762  2.96590757
  262.737263  2.74445583
  263.236763  2.71821321
  263.736264  2.71584941
  264.235764  2.43324526
  264.735265  2.21336862
  265.234765  2.36775248
  265.734266  2.49247058
  266.233766  2.04535403
  266.733267  1.84946905
  267.232767  1.93795546
  267.732268  1.89333639
  268.231768  1.93383229
  268.731269  1.67250454
  269.230769  1.54767926
  269.73027  1.81155019
  270.22977  2.05348894
  270.729271  2.34465884
  271.228771  2.24378946
  271.728272  2.38052257
  272.227772  2.46516186
  272.727273  2.63611717
  273.226773  2.76604374
  273.726274  2.64385478
  274.225774  2.94213487
  274.725275  2.64914854
  275.224775  2.68139336
  275.724276  2.68043798
  276.223776  2.66138212
  276.723277  3.05427365
  277.222777  3.06584049
  277.722278  3.1156335
  278.221778  3.04585944
  278.721279  3.24713666
  279.220779  3.22139967
  279.72028  3.02833932
  280.21978  2.9134289
  280.719281  2.86991472
  281.218781  3.01320781
  281.718282  2.98519388
  282.217782  2.69456184
  282.717283  2.9022052
  283.216783  2.97350098
  283.716284  3.30568367
  284.215784  3.55533243
  284.715285  3.78820333
  285.214785  3.53344042
  285.714286  3.2916815
  286.213786  3.18756694
  286.713287  3.165262
  287.212787  3.13315862
  287.712288  3.02677659
  288.211788  2.59767139
  288.711289  2.64700747
  289.210789  2.50834693
  289.71029  2.0474997
  290.20979  2.17406572
  290.709291  2.05813238
  291.208791  2.31031409
  291.708292  2.28654778
  292.207792  2.3400528
  292.707293  2.08757897
  293.206793  2.01590517
  293.706294  1.86779018
  294.205794  2.03819617
  294.705295  2.17444089
  295.204795  2.39709974
  295.704296  2.45407519
  296.203796  2.33971659
  296.703297  2.12635627
  297.202797  1.95972682
  297.702298  2.17991114
  298.201798  1.98889888
  298.701299  2.09439885
  299.200799  2.1235688
  299.7003  2.15725895
  300.1998  2.2025099
  300.699301  2.03991724
  301.198801  1.86178556
  301.698302  1.47972757
  302.197802  1.46450061
  302.697303  1.21265457
  303.196803  1.35405095
  303.696304  1.63197079
  304.195804  1.67498195
  304.695305  1.83836571
  305.194805  1.78267304
  305.694306  1.77216495
  306.193806  1.74946023
  306.693307  1.73416537
  307.192807  1.56820614
  307.692308  1.47608368
  308.191808  1.46804656
  308.691309  1.2997007
  309.190809  1.02259718
  309.69031  1.02860008
  310.18981  0.946236373
  310.689311  1.17081812
  311.188811  1.10330607
  311.688312  1.42613418
  312.187812  1.17277664
  312.687313  1.16374757
  313.186813  1.29989309
  313.686314  1.42030502
  314.185814  1.28858394
  314.685315  1.51392652
  315.184815  1.31659228
  315.684316  1.34319053
  316.183816  1.51670251
  316.683317  1.67998988
  317.182817  1.78572164
  317.682318  1.84355843
  318.181818  1.95567128
  318.681319  1.9729519
  319.180819  2.03309067
  319.68032  2.23932827
  320.17982  2.17223574
  320.679321  1.81236049
  321.178821  1.58338157
  321.678322  1.50163632
  322.177822  1.62860907
  322.677323  1.65841047
  323.176823  1.31676824
  323.676324  1.29537804
  324.175824  1.33783876
  324.675325  1.31447921
  325.174825  1.21783115
  325.674326  1.29105024
  326.173826  1.18827419
  326.673327  1.23559532
  327.172827  1.21737757
  327.672328  1.24066646
  328.171828  1.33123085
  328.671329  1.35042424
  329.170829  1.03417822
  329.67033  1.03962951
  330.16983  0.929346948
  330.669331  1.00307864
  331.168831  0.947175598
  331.668332  0.738242222
  332.167832  0.758743115
  332.667333  0.876235973
  333.166833  1.17743954
  333.666334  0.939668928
  334.165834  1.05638253
  334.665335  1.14007099
  335.164835  1.06583823
  335.664336  1.08167364
  336.163836  1.21431644
  336.663337  1.39918661
  337.162837  1.50441846
  337.662338  1.73003489
  338.161838  1.73634014
  338.661339  1.43887008
  339.160839  1.29024762
  339.66034  0.937217916
  340.15984  0.991083864
  340.659341  1.04061101
  341.158841  0.915802595
  341.658342  0.708696058
  342.157842  0.671210348
  342.657343  0.410675437
  343.156843  0.335167497
  343.656344  0.089001793
  344.155844  0.435386636
  344.655345  0.502896748
  345.154845  0.448233373
  345.654346  0.520232645
  346.153846  0.22802604
  346.653347  0.0989619065
  347.152847  0.348919366
  347.652348  0.577989137
  348.151848  0.676255145
  348.651349  0.693603487
  349.150849  0.506919528
  349.65035  0.464541979
  350.14985  0.770236467
  350.649351  0.625142149
  351.148851  0.526079663
  351.648352  0.666574935
  352.147852  0.316209599
  352.647353  0.188467329
  353.146853  0.0508360962
  353.646354  0.18562867
  354.145854  0.416808554
  354.645355  0.0812766512
  355.144855 -0.319455351
  355.644356 -0.394397958
  356.143856 -0.6614628
  356.643357 -0.686602275
  357.142857 -0.302588413
  357.642358 -0.0116027241
  358.141858 -0.132646944
  358.641359 -0.16063098
  359.140859 -0.0215459243
  359.64036 -0.104917303
  360.13986 -0.251499772
  360.639361 -0.0651177713
  361.138861  0.0376340838
  361.638362  0.172202599
  362.137862  0.413472654
  362.637363  0.642384118
  363.136863  0.918803676
  363.636364  0.940105286
  364.135864  1.02569813
  364.635365  0.901158051
  365.134865  1.19361083
  365.634366  1.38838169
  366.133866  1.20400307
  366.633367  1.24365184
  367.132867  1.02415145
  367.632368  1.14499661
  368.131868  1.00948009
  368.631369  1.07679599
  369.130869  1.3553294
  369.63037  1.37626203
  370.12987  1.28981782
  370.629371  1.36505479
  371.128871  1.51534505
  371.628372  1.43888455
  372.127872  1.42819462
  372.627373  1.74734334
  373.126873  1.74828916
  373.626374  1.45963333
  374.125874  1.46494236
  374.625375  1.30010101
  375.124875  1.03118429
  375.624376  1.16538649
  376.123876  0.977272869
  376.623377  0.658980077
  377.122877  0.55602422
  377.622378  0.639702331
  378.121878  0.520327164
  378.621379  0.19337319
  379.120879  0.319205885
  379.62038  0.394589776
  380.11988  0.754403123
  380.619381  0.690518082
  381.118881  0.82320721
  381.618382  0.842288842
  382.117882  0.867064215
  382.617383  1.23107779
  383.116883  1.60170211
  383.616384  1.6868245
  384.115884  1.84991212
  384.615385  1.90718283
  385.114885  1.89054662
  385.614386  2.16590513
  386.113886  2.36834181
  386.613387  2.20337031
  387.112887  2.34553592
  387.612388  2.02643851
  388.111888  2.19381258
  388.611389  2.30781064
  389.110889  2.26846207
  389.61039  2.32201231
  390.10989  2.15372975
  390.609391  2.35473383
  391.108891  2.13161372
  391.608392  1.96845429
  392.107892  2.00215006
  392.607393  1.96905652
  393.106893  2.04673345
  393.606394  2.28791603
  394.105894  2.34342511
  394.605395  2.51450057
  395.104895  2.48579303
  395.604396  2.55655216
  396.103896  2.60248643
  396.603397  2.41994995
  397.102897  2.64248368
  397.602398  2.73742079
  398.101898  2.71746969
  398.601399  3.09463383
  399.100899  2.98948724
  399.6004  3.26536206
  400.0999  3.15509273
  400.599401  3.17430877
  401.098901  2.84271546
  401.598402  3.00238614
  402.097902  2.99462063
  402.597403  2.85428184
  403.096903  2.84354306
  403.596404  3.00022857
  404.095904  2.73269092
  404.595405  2.94584205
  405.094905  3.03825829
  405.594406  3.29548513
  406.093906  3.5513209
  406.593407  3.46315489
  407.092907  3.52191944
  407.592408  3.23379186
  408.091908  3.04447875
  408.591409  3.13712718
  409.090909  3.29103105
  409.59041  3.54348137
  410.08991  3.40179511
  410.589411  3.49454471
  411.088911  3.58571815
  411.588412  3.52916001
  412.087912  3.78454824
  412.587413  3.72830017
  413.086913  3.95432301
  413.586414  4.015159
  414.085914  3.86258067
  414.585415  3.47664133
  415.084915  3.43110808
  415.584416  3.42200989
  416.083916  3.27621988
  416.583417  3.61611109
  417.082917  3.72123894
  417.582418  3.44952646
  418.081918  3.51427301
  418.581419  3.51259017
  419.080919  3.58856003
  419.58042  3.46315388
  420.07992  3.78822533
  420.579421  4.14560537
  421.078921  4.21117983
  421.578422  3.89442178
  422.077922  3.94180955
  422.577423  3.96047757
  423.076923  3.90173335
  423.576424  3.98139929
  424.075924  3.82607833
  424.575425  3.70798319
  425.074925  3.70313745
  425.574426  3.552312
  426.073926  3.2704727
  426.573427  3.24506265
  427.072927  3.13763647
  427.572428  2.86566583
  428.071928  3.19583176
  428.571429  3.12485009
  429.070929  3.3437347
  429.57043  3.05221583
  430.06993  3.35063413
  430.569431  3.24070628
  431.068931  3.25849136
  431.568432  3.22823834
  432.067932  2.94321582
  432.567433  3.02489063
  433.066933  2.86211071
  433.566434  2.89944306
  434.065934  2.91184629
  434.565435  2.57872501
  435.064935  2.65641159
  435.564436  2.90597823
  436.063936  2.83501408
  436.563437  2.885388
  437.062937  2.86782563
  437.562438  2.58218661
  438.061938  2.61815439
  438.561439  2.71256313
  439.060939  2.3780304
  439.56044  2.25075883
  440.05994  1.96122586
  440.559441  2.02801507
  441.058941  2.25017169
  441.558442  2.39868356
  442.057942  2.21598807
  442.557443  2.30264849
  443.056943  2.61335215
  443.556444  2.96789874
  444.055944  3.0253145
  444.555445  2.88961463
  445.054945  2.59590669
  445.554446  2.52564209
  446.053946  2.39423157
  446.553447  2.1869305
  447.052947  1.97853475
  447.552448  1.59026342
  448.051948  1.4808251
  448.551449  1.50563977
  449.050949  1.61006149
  449.55045  1.52091173
  450.04995  1.48729924
  450.549451  1.53193576
  451.048951  1.64042034
  451.548452  1.7996526
  452.047952  1.90697637
  452.547453  2.32783528
  453.046953  2.24337521
  453.546454  2.25224504
  454.045954  2.14188085
  454.545455  2.26170441
  455.044955  2.08704846
  455.544456  2.23736749
  456.043956  2.2375422
  456.543457  1.7695749
  457.042957  1.49458664
  457.542458  1.7321105
  458.041958  1.82773369
  458.541459  1.63396478
  459.040959  1.58392775
  459.54046  1.48745405
  460.03996  1.49384967
  460.539461  1.29939529
  461.038961  1.3471046
  461.538462  1.34176331
  462.037962  0.905668762
  462.537463  0.683606253
  463.036963  0.855542362
  463.536464  1.06687619
  464.035964  1.34962532
  464.535465  1.34577643
  465.034965  1.50108432
  465.534466  1.54419942
  466.033966  1.18934164
  466.533467  1.35125514
  467.032967  1.15342484
  467.532468  1.22228071
  468.031968  0.987413763
  468.531469  1.0982431
  469.030969  1.11797516
  469.53047  1.10949647
  470.02997  1.0886761
  470.529471  1.1123896
  471.028971  1.15137372
  471.528472  1.3082965
  472.027972  1.68792656
  472.527473  1.66917305
  473.026973  1.63889071
  473.526474  1.3972751
  474.025974  1.65240948
  474.525475  1.67356135
  475.024975  1.70618261
  475.524476  2.01779222
  476.023976  2.21256347
  476.523477  2.08093598
  477.022977  2.25877271
  477.522478  2.30567734
  478.021978  2.02991587
  478.521479  2.21860799
  479.020979  2.35141508
  479.52048  2.40943544
  480.01998  2.55580675
  480.519481  2.18880546
  481.018981  1.79912936
  481.518482  1.90915964
  482.017982  2.00270479
  482.517483  1.75738301
  483.016983  1.57829195
  483.516484  1.49343796
  484.015984  1.49090424
  484.515485  1.41090783
  485.014985  1.20288823
  485.514486  1.06912207
  486.013986  0.983037792
  486.513487  1.12098987
  487.012987  1.10263718
  487.512488  0.862426437
  488.011988  0.832781541
  488.511489  0.598262464
  489.010989  0.570597592
  489.51049  0.610874251
  490.00999  0.496881328
  490.509491  0.600850159
  491.008991  0.971570056
  491.508492  0.781397745
  492.007992  0.751789548
  492.507493  0.832532351
  493.006993  0.864164273
  493.506494  0.802803793
  494.005994  0.90221305
  494.505495  1.0177879
  495.004995  1.20633767
  495.504496  1.25973026
  496.003996  1.00325169
  496.503497  0.82495024
  497.002997  0.726994673
  497.502498  0.448348686
  498.001998  0.156420146
  498.501499 -0.287279224
  499.000999 -0.428278973
  499.5005 -0.527490237
