  0.333344609  3.38531208E-05  0.00010161291  0.000304812915  0.000914487755
  0.0027434465  0.00823031645  0.024690954  0.0740728378  0.222218454
 -0.222218439  0.333344609  3.38688405E-05  0.000101609665  0.000304822199
  0.000914481352  0.00274344417  0.00823031273  0.0246909466  0.0740728155
 -0.0740728229 -0.222218439  0.333344609  3.38700847E-05  0.000101610094
  0.000304827321  0.000914480363  0.00274343835  0.00823031273  0.0246909373
 -0.024690941 -0.0740728304 -0.222218469  0.333344638  3.38698228E-05
  0.000101609985  0.000304826419  0.000914479839  0.00274343765  0.0082303118
 -0.00823032111 -0.0246909428 -0.0740728378 -0.222218394  0.333344579
  3.38698155E-05  0.000101608821  0.000304826419  0.000914479315  0.00274343765
 -0.00274343812 -0.00823031273 -0.0246909391 -0.0740728304 -0.222218394
  0.333344579  3.38695827E-05  0.000101608843  0.000304826593  0.000914479489
 -0.000914472097 -0.00274344301 -0.00823030621 -0.0246909466 -0.0740728378
 -0.222218424  0.333344609  3.38696409E-05  0.000101608843  0.000304826535
 -0.000304831628 -0.00091447559 -0.00274343533 -0.0082303118 -0.0246909522
 -0.074072808 -0.222218439  0.333344609  3.386963E-05  0.000101608864
 -0.000101603211 -0.000304834626 -0.000914473494 -0.00274344464 -0.00823032018
 -0.0246909354 -0.0740728155 -0.222218439  0.333344609  3.38696227E-05
 -3.38703394E-05 -0.000101601086 -0.000304834481 -0.000914478675 -0.00274342857
 -0.00823032018 -0.0246909298 -0.0740728304 -0.222218439  0.333344609
